Can't find "mudos", ignoring old binaries.
Try invoking the driver using the full pathname.
System Error: init_addr_server: connect: Bad address

Loading preloaded files ...
Initializations complete.

Accepting connections on port 8888.
错误讯息被拦截: 
执行时段错误：*call_other() couldn't find object

程式：adm/daemons/taskd.c 第 157 行
物件: adm/daemons/taskd
呼叫来自：adm/daemons/taskd.c 的 update_task() 第 111 行，物件： adm/daemons/taskd
呼叫来自：adm/daemons/taskd.c 的 random_place() 第 157 行，物件： adm/daemons/taskd
呼叫来自：adm/daemons/taskd.c 的 CATCH() 第 157 行，物件： adm/daemons/taskd

执行时段错误：*Bad argument 1 to call_other()
Expected: string or array or object Got: 0.

程式：cmds/skill/dazuo.c 第 20 行
物件: cmds/skill/dazuo
呼叫来自：d/xueshan/npc/jlseng.c 的 auto_robot() 第 243 行，物件： d/xueshan/npc/jlseng ("戒律僧")
呼叫来自：feature/command.c 的 command_hook() 第 57 行，物件： d/xueshan/npc/jlseng ("戒律僧")
呼叫来自：cmds/skill/dazuo.c 的 main() 第 20 行，物件： cmds/skill/dazuo
